[0.012s] Invoking command in '/home/tom/ros2_ws/build/my_cpp_pkg': CMAKE_PREFIX_PATH=/home/tom/ros2_ws/install/my_py_pkg:/opt/ros/humble /usr/bin/cmake --build /home/tom/ros2_ws/build/my_cpp_pkg -- -j4 -l4
[0.072s] [ 50%] [32mBuilding CXX object CMakeFiles/cpp_node.dir/src/my_first_node.cpp.o[0m
[0.081s] [01m[K/home/tom/ros2_ws/src/my_cpp_pkg/src/my_first_node.cpp:1:10:[m[K [01;31m[Kfatal error: [m[Krclcpp/rclcpp/rclcpp.hpp: No such file or directory
[0.081s]     1 | #include [01;31m[K"rclcpp/rclcpp/rclcpp.hpp"[m[K
[0.081s]       |          [01;31m[K^~~~~~~~~~~~~~~~~~~~~~~~~~[m[K
[0.081s] compilation terminated.
[0.082s] gmake[2]: *** [CMakeFiles/cpp_node.dir/build.make:76: CMakeFiles/cpp_node.dir/src/my_first_node.cpp.o] Error 1
[0.082s] gmake[1]: *** [CMakeFiles/Makefile2:137: CMakeFiles/cpp_node.dir/all] Error 2
[0.082s] gmake: *** [Makefile:146: all] Error 2
[0.084s] Invoked command in '/home/tom/ros2_ws/build/my_cpp_pkg' returned '2': CMAKE_PREFIX_PATH=/home/tom/ros2_ws/install/my_py_pkg:/opt/ros/humble /usr/bin/cmake --build /home/tom/ros2_ws/build/my_cpp_pkg -- -j4 -l4
