[0.007s] Invoking command in '/home/tom/ros2_ws/build/my_robot_interfaces': CMAKE_PREFIX_PATH=${CMAKE_PREFIX_PATH}:/home/tom/ros2_ws/install/my_py_pkg:/opt/ros/humble /usr/bin/cmake --build /home/tom/ros2_ws/build/my_robot_interfaces -- -j4 -l4
[0.027s] -- Found ament_cmake: 1.3.4 (/opt/ros/humble/share/ament_cmake/cmake)
[0.103s] -- Override CMake install command with custom implementation using symlinks instead of copying resources
[0.107s] -- Found rosidl_default_generators: 1.2.0 (/opt/ros/humble/share/rosidl_default_generators/cmake)
[0.109s] -- Using all available rosidl_typesupport_c: rosidl_typesupport_fastrtps_c;rosidl_typesupport_introspection_c
[0.111s] -- Found rosidl_adapter: 3.1.4 (/opt/ros/humble/share/rosidl_adapter/cmake)
[0.136s] -- Using all available rosidl_typesupport_cpp: rosidl_typesupport_fastrtps_cpp;rosidl_typesupport_introspection_cpp
[0.298s] -- Found ament_cmake_ros: 0.10.0 (/opt/ros/humble/share/ament_cmake_ros/cmake)
[0.402s] -- Using all available rosidl_typesupport_c: rosidl_typesupport_fastrtps_c;rosidl_typesupport_introspection_c
[0.540s] -- Using all available rosidl_typesupport_cpp: rosidl_typesupport_fastrtps_cpp;rosidl_typesupport_introspection_cpp
[0.555s] -- Found python_cmake_module: 0.10.0 (/opt/ros/humble/share/python_cmake_module/cmake)
[0.569s] -- Using PYTHON_EXECUTABLE: /usr/bin/python3
[0.569s] -- Using PYTHON_INCLUDE_DIRS: /usr/include/python3.10
[0.569s] -- Using PYTHON_LIBRARIES: /usr/lib/aarch64-linux-gnu/libpython3.10.so
[0.582s] -- Configuring done
[0.600s] -- Generating done
[0.603s] -- Build files have been written to: /home/tom/ros2_ws/build/my_robot_interfaces
[0.621s] [35m[1mConsolidate compiler generated dependencies of target my_robot_interfaces__rosidl_generator_c[0m
[0.634s] [  2%] [32mBuilding C object CMakeFiles/my_robot_interfaces__rosidl_generator_c.dir/rosidl_generator_c/my_robot_interfaces/srv/detail/compute_rectangle_area__functions.c.o[0m
[0.634s] [  4%] [32mBuilding C object CMakeFiles/my_robot_interfaces__rosidl_generator_c.dir/rosidl_generator_c/my_robot_interfaces/msg/detail/led_state_array__functions.c.o[0m
[0.634s] [  6%] Built target my_robot_interfaces__cpp
[0.640s] [  6%] Built target ament_cmake_python_symlink_my_robot_interfaces
[0.645s] In file included from [01m[K/home/tom/ros2_ws/build/my_robot_interfaces/rosidl_generator_c/my_robot_interfaces/msg/detail/led_state_array__functions.h:19[m[K,
[0.646s]                  from [01m[K/home/tom/ros2_ws/build/my_robot_interfaces/rosidl_generator_c/my_robot_interfaces/msg/detail/led_state_array__functions.c:4[m[K:
[0.646s] [01m[K/home/tom/ros2_ws/build/my_robot_interfaces/rosidl_generator_c/my_robot_interfaces/msg/detail/led_state_array__struct.h:22:10:[m[K [01;31m[Kfatal error: [m[Kmy_robot_interfaces/msg/detail/int64__struct.h: No such file or directory
[0.646s]    22 | #include [01;31m[K"my_robot_interfaces/msg/detail/int64__struct.h"[m[K
[0.646s]       |          [01;31m[K^~~~~~~~~~~~~~~~~~~~~~~~~~~~~~~~~~~~~~~~~~~~~~~~[m[K
[0.646s] compilation terminated.
[0.648s] gmake[2]: *** [CMakeFiles/my_robot_interfaces__rosidl_generator_c.dir/build.make:151: CMakeFiles/my_robot_interfaces__rosidl_generator_c.dir/rosidl_generator_c/my_robot_interfaces/msg/detail/led_state_array__functions.c.o] Error 1
[0.648s] gmake[2]: *** Waiting for unfinished jobs....
[0.649s] [35m[1mConsolidate compiler generated dependencies of target my_robot_interfaces__rosidl_typesupport_fastrtps_cpp[0m
[0.652s] [35m[1mConsolidate compiler generated dependencies of target my_robot_interfaces__rosidl_typesupport_cpp[0m
[0.659s] [35m[1mConsolidate compiler generated dependencies of target my_robot_interfaces__rosidl_typesupport_introspection_cpp[0m
[0.668s] [  8%] [32mBuilding CXX object CMakeFiles/my_robot_interfaces__rosidl_typesupport_cpp.dir/rosidl_typesupport_cpp/my_robot_interfaces/msg/led_state_array__type_support.cpp.o[0m
[0.668s] [ 10%] [32mBuilding CXX object CMakeFiles/my_robot_interfaces__rosidl_typesupport_introspection_cpp.dir/rosidl_typesupport_introspection_cpp/my_robot_interfaces/msg/detail/led_state_array__type_support.cpp.o[0m
[0.668s] [ 12%] [32mBuilding CXX object CMakeFiles/my_robot_interfaces__rosidl_typesupport_fastrtps_cpp.dir/rosidl_typesupport_fastrtps_cpp/my_robot_interfaces/msg/detail/dds_fastrtps/led_state_array__type_support.cpp.o[0m
[0.669s] gmake[1]: *** [CMakeFiles/Makefile2:213: CMakeFiles/my_robot_interfaces__rosidl_generator_c.dir/all] Error 2
[0.669s] gmake[1]: *** Waiting for unfinished jobs....
[0.676s] [ 14%] [32mBuilding CXX object CMakeFiles/my_robot_interfaces__rosidl_typesupport_introspection_cpp.dir/rosidl_typesupport_introspection_cpp/my_robot_interfaces/srv/detail/compute_rectangle_area__type_support.cpp.o[0m
[0.703s] In file included from [01m[K/home/tom/ros2_ws/build/my_robot_interfaces/rosidl_typesupport_cpp/my_robot_interfaces/msg/led_state_array__type_support.cpp:7[m[K:
[0.703s] [01m[K/home/tom/ros2_ws/build/my_robot_interfaces/rosidl_generator_cpp/my_robot_interfaces/msg/detail/led_state_array__struct.hpp:20:10:[m[K [01;31m[Kfatal error: [m[Kmy_robot_interfaces/msg/detail/int64__struct.hpp: No such file or directory
[0.703s]    20 | #include [01;31m[K"my_robot_interfaces/msg/detail/int64__struct.hpp"[m[K
[0.703s]       |          [01;31m[K^~~~~~~~~~~~~~~~~~~~~~~~~~~~~~~~~~~~~~~~~~~~~~~~~~[m[K
[0.703s] compilation terminated.
[0.704s] In file included from [01m[K/home/tom/ros2_ws/build/my_robot_interfaces/rosidl_typesupport_fastrtps_cpp/my_robot_interfaces/msg/detail/led_state_array__rosidl_typesupport_fastrtps_cpp.hpp:11[m[K,
[0.704s]                  from [01m[K/home/tom/ros2_ws/build/my_robot_interfaces/rosidl_typesupport_fastrtps_cpp/my_robot_interfaces/msg/detail/dds_fastrtps/led_state_array__type_support.cpp:4[m[K:
[0.704s] [01m[K/home/tom/ros2_ws/build/my_robot_interfaces/rosidl_generator_cpp/my_robot_interfaces/msg/detail/led_state_array__struct.hpp:20:10:[m[K [01;31m[Kfatal error: [m[Kmy_robot_interfaces/msg/detail/int64__struct.hpp: No such file or directory
[0.704s]    20 | #include [01;31m[K"my_robot_interfaces/msg/detail/int64__struct.hpp"[m[K
[0.704s]       |          [01;31m[K^~~~~~~~~~~~~~~~~~~~~~~~~~~~~~~~~~~~~~~~~~~~~~~~~~[m[K
[0.704s] compilation terminated.
[0.705s] gmake[2]: *** [CMakeFiles/my_robot_interfaces__rosidl_typesupport_fastrtps_cpp.dir/build.make:119: CMakeFiles/my_robot_interfaces__rosidl_typesupport_fastrtps_cpp.dir/rosidl_typesupport_fastrtps_cpp/my_robot_interfaces/msg/detail/dds_fastrtps/led_state_array__type_support.cpp.o] Error 1
[0.705s] gmake[1]: *** [CMakeFiles/Makefile2:343: CMakeFiles/my_robot_interfaces__rosidl_typesupport_fastrtps_cpp.dir/all] Error 2
[0.705s] gmake[2]: *** [CMakeFiles/my_robot_interfaces__rosidl_typesupport_cpp.dir/build.make:108: CMakeFiles/my_robot_interfaces__rosidl_typesupport_cpp.dir/rosidl_typesupport_cpp/my_robot_interfaces/msg/led_state_array__type_support.cpp.o] Error 1
[0.705s] gmake[1]: *** [CMakeFiles/Makefile2:395: CMakeFiles/my_robot_interfaces__rosidl_typesupport_cpp.dir/all] Error 2
[0.707s] In file included from [01m[K/home/tom/ros2_ws/build/my_robot_interfaces/rosidl_typesupport_introspection_cpp/my_robot_interfaces/msg/detail/led_state_array__type_support.cpp:12[m[K:
[0.707s] [01m[K/home/tom/ros2_ws/build/my_robot_interfaces/rosidl_generator_cpp/my_robot_interfaces/msg/detail/led_state_array__struct.hpp:20:10:[m[K [01;31m[Kfatal error: [m[Kmy_robot_interfaces/msg/detail/int64__struct.hpp: No such file or directory
[0.707s]    20 | #include [01;31m[K"my_robot_interfaces/msg/detail/int64__struct.hpp"[m[K
[0.707s]       |          [01;31m[K^~~~~~~~~~~~~~~~~~~~~~~~~~~~~~~~~~~~~~~~~~~~~~~~~~[m[K
[0.707s] compilation terminated.
[0.708s] gmake[2]: *** [CMakeFiles/my_robot_interfaces__rosidl_typesupport_introspection_cpp.dir/build.make:119: CMakeFiles/my_robot_interfaces__rosidl_typesupport_introspection_cpp.dir/rosidl_typesupport_introspection_cpp/my_robot_interfaces/msg/detail/led_state_array__type_support.cpp.o] Error 1
[0.708s] gmake[2]: *** Waiting for unfinished jobs....
[0.867s] gmake[1]: *** [CMakeFiles/Makefile2:369: CMakeFiles/my_robot_interfaces__rosidl_typesupport_introspection_cpp.dir/all] Error 2
[0.867s] gmake: *** [Makefile:146: all] Error 2
[0.869s] Invoked command in '/home/tom/ros2_ws/build/my_robot_interfaces' returned '2': CMAKE_PREFIX_PATH=${CMAKE_PREFIX_PATH}:/home/tom/ros2_ws/install/my_py_pkg:/opt/ros/humble /usr/bin/cmake --build /home/tom/ros2_ws/build/my_robot_interfaces -- -j4 -l4
